Tue Jul 31 10:21:33 IST 2018 : Apache Derby Network Server - 10.12.1.1 - (1704137) started and ready to accept connections on port 1527
Tue Jul 31 10:21:33 IST 2018 : Log Connections turned on.
Tue Jul 31 10:21:33 IST 2018 : Connection number: 2.
----------------------------------------------------------------
Tue Jul 31 10:21:34 IST 2018:
Booting Derby version The Apache Software Foundation - Apache Derby - 10.12.1.1 - (1704137): instance a816c00e-0164-eead-5331-00001f506050 
on database directory memory:D:\Users\vmanchal\Downloads\MUFundamentals3.9_studentFiles_07mar2018\jars\training with class loader org.springframework.boot.loader.LaunchedURLClassLoader@8efb846 
Loaded from jar:file:/D:/Users/vmanchal/Downloads/MUFundamentals3.9_studentFiles_07mar2018/jars/mulesoft-training-services-1.6.1.jar!/lib/derby-10.12.1.1.jar!/
java.vendor=Oracle Corporation
java.runtime.version=1.8.0_91-b15
user.dir=D:\Users\vmanchal\Downloads\MUFundamentals3.9_studentFiles_07mar2018\jars
os.name=Windows 7
os.arch=amd64
os.version=6.1
derby.system.home=null
Database Class Loader started - derby.database.classpath=''
Tue Jul 31 10:21:34 IST 2018 Thread[DRDAConnThread_2,5,derby.daemons] (DATABASE = memory:training), (DRDAID = {2}), Apache Derby Network Server connected to database memory:training;create=true
Tue Jul 31 10:21:36 IST 2018 : Connection number: 3.
Tue Jul 31 10:21:36 IST 2018 Thread[DRDAConnThread_2,5,derby.daemons] (DATABASE = memory:training), (DRDAID = {3}), Apache Derby Network Server connected to database memory:training;create=true
Tue Jul 31 10:26:57 IST 2018 : Connection number: 4.
Tue Jul 31 10:26:57 IST 2018 Thread[DRDAConnThread_3,5,derby.daemons] (DATABASE = memory:training), (DRDAID = {4}), Apache Derby Network Server connected to database memory:training
Tue Jul 31 10:27:37 IST 2018 : Connection number: 5.
Tue Jul 31 10:27:37 IST 2018 Thread[DRDAConnThread_3,5,derby.daemons] (DATABASE = memory:training), (DRDAID = {5}), Apache Derby Network Server connected to database memory:training
Tue Jul 31 10:27:37 IST 2018 : Connection number: 6.
Tue Jul 31 10:27:37 IST 2018 Thread[DRDAConnThread_3,5,derby.daemons] (DATABASE = memory:training), (DRDAID = {6}), Apache Derby Network Server connected to database memory:training
Tue Jul 31 10:28:05 IST 2018 : Connection number: 7.
Tue Jul 31 10:28:05 IST 2018 Thread[DRDAConnThread_3,5,derby.daemons] (DATABASE = memory:training), (DRDAID = {7}), Apache Derby Network Server connected to database memory:training
Tue Jul 31 10:29:24 IST 2018 : Connection number: 8.
Tue Jul 31 10:29:24 IST 2018 Thread[DRDAConnThread_3,5,derby.daemons] (DATABASE = memory:training), (DRDAID = {8}), Apache Derby Network Server connected to database memory:training
Tue Jul 31 10:37:13 IST 2018 : Connection number: 9.
Tue Jul 31 10:37:13 IST 2018 Thread[DRDAConnThread_3,5,derby.daemons] (DATABASE = memory:training), (DRDAID = {9}), Apache Derby Network Server connected to database memory:training
Tue Jul 31 10:41:17 IST 2018 : Connection number: 10.
Tue Jul 31 10:41:17 IST 2018 Thread[DRDAConnThread_3,5,derby.daemons] (DATABASE = memory:training), (DRDAID = {10}), Apache Derby Network Server connected to database memory:training
Tue Jul 31 10:41:17 IST 2018 : Connection number: 11.
Tue Jul 31 10:41:17 IST 2018 Thread[DRDAConnThread_3,5,derby.daemons] (DATABASE = memory:training), (DRDAID = {11}), Apache Derby Network Server connected to database memory:training
Tue Jul 31 10:41:37 IST 2018 : Connection number: 12.
Tue Jul 31 10:41:37 IST 2018 Thread[DRDAConnThread_3,5,derby.daemons] (DATABASE = memory:training), (DRDAID = {12}), Apache Derby Network Server connected to database memory:training
Tue Jul 31 10:41:37 IST 2018 : Connection number: 13.
Tue Jul 31 10:41:37 IST 2018 Thread[DRDAConnThread_3,5,derby.daemons] (DATABASE = memory:training), (DRDAID = {13}), Apache Derby Network Server connected to database memory:training
Tue Jul 31 10:41:52 IST 2018 : Connection number: 14.
Tue Jul 31 10:41:52 IST 2018 Thread[DRDAConnThread_3,5,derby.daemons] (DATABASE = memory:training), (DRDAID = {14}), Apache Derby Network Server connected to database memory:training
Tue Jul 31 10:42:27 IST 2018 : Connection number: 15.
Tue Jul 31 10:42:28 IST 2018 Thread[DRDAConnThread_3,5,derby.daemons] (DATABASE = memory:training), (DRDAID = {15}), Apache Derby Network Server connected to database memory:training
Tue Jul 31 10:42:28 IST 2018 : Connection number: 16.
Tue Jul 31 10:42:28 IST 2018 Thread[DRDAConnThread_4,5,derby.daemons] (DATABASE = memory:training), (DRDAID = {16}), Apache Derby Network Server connected to database memory:training
Tue Jul 31 10:42:51 IST 2018 : Connection number: 17.
Tue Jul 31 10:42:51 IST 2018 Thread[DRDAConnThread_3,5,derby.daemons] (DATABASE = memory:training), (DRDAID = {17}), Apache Derby Network Server connected to database memory:training
Tue Jul 31 14:16:12 IST 2018 : Connection number: 18.
Tue Jul 31 14:16:12 IST 2018 Thread[DRDAConnThread_4,5,derby.daemons] (DATABASE = memory:training), (DRDAID = {18}), Apache Derby Network Server connected to database memory:training
Tue Jul 31 14:16:12 IST 2018 : Connection number: 19.
Tue Jul 31 14:16:12 IST 2018 Thread[DRDAConnThread_3,5,derby.daemons] (DATABASE = memory:training), (DRDAID = {19}), Apache Derby Network Server connected to database memory:training
Tue Jul 31 14:17:01 IST 2018 : Connection number: 20.
Tue Jul 31 14:17:01 IST 2018 Thread[DRDAConnThread_4,5,derby.daemons] (DATABASE = memory:training), (DRDAID = {20}), Apache Derby Network Server connected to database memory:training
Tue Jul 31 14:17:25 IST 2018 : Connection number: 21.
Tue Jul 31 14:17:25 IST 2018 Thread[DRDAConnThread_3,5,derby.daemons] (DATABASE = memory:training), (DRDAID = {21}), Apache Derby Network Server connected to database memory:training
Tue Jul 31 14:17:31 IST 2018 : Connection number: 22.
Tue Jul 31 14:17:31 IST 2018 Thread[DRDAConnThread_4,5,derby.daemons] (DATABASE = memory:training), (DRDAID = {22}), Apache Derby Network Server connected to database memory:training
Tue Jul 31 14:17:40 IST 2018 : Connection number: 23.
Tue Jul 31 14:17:40 IST 2018 Thread[DRDAConnThread_3,5,derby.daemons] (DATABASE = memory:training), (DRDAID = {23}), Apache Derby Network Server connected to database memory:training
Tue Jul 31 14:24:29 IST 2018 : Connection number: 24.
Tue Jul 31 14:24:29 IST 2018 Thread[DRDAConnThread_4,5,derby.daemons] (DATABASE = memory:training), (DRDAID = {24}), Apache Derby Network Server connected to database memory:training
Tue Jul 31 14:24:34 IST 2018 : Connection number: 25.
Tue Jul 31 14:24:34 IST 2018 Thread[DRDAConnThread_3,5,derby.daemons] (DATABASE = memory:training), (DRDAID = {25}), Apache Derby Network Server connected to database memory:training
Tue Jul 31 14:25:45 IST 2018 : Connection number: 26.
Tue Jul 31 14:25:45 IST 2018 Thread[DRDAConnThread_4,5,derby.daemons] (DATABASE = memory:training), (DRDAID = {26}), Apache Derby Network Server connected to database memory:training
